I 1 4573.909450455
L 0 2 0 0.000135672 140723646144960 1
L 0 3 1 0.000140011 140723646144960 1
L 0 4 2 0.000140738 140723646144960 1
L 0 5 3 0.000141230 140723646144960 1
L 0 6 4 0.000141780 140723646144960 1
L 0 7 5 0.000142267 140723646144960 1
L 0 8 6 0.000142672 140723646144960 1
L 0 9 7 0.000143087 140723646144960 1
L 0 10 8 0.000143530 140723646144960 1
L 0 11 9 0.000144016 140723646144960 1
L 0 12 10 0.000144412 140723646144960 1
L 0 13 11 0.000144915 140723646144960 1
L 0 14 12 0.000145408 140723646144960 1
L 0 15 13 0.000145911 140723646144960 1
L 0 16 14 0.000146349 140723646144960 1
L 0 17 15 0.000146762 140723646144960 1
L 0 18 16 0.000147233 140723646144960 1
L 0 19 17 0.000147690 140723646144960 1
L 0 20 18 0.000148237 140723646144960 1
L 0 21 19 0.000148740 140723646144960 1
L 0 22 20 0.000149186 140723646144960 1
L 0 23 21 0.000149613 140723646144960 1
L 0 24 22 0.000150082 140723646144960 1
L 0 25 23 0.000150535 140723646144960 1
L 0 26 24 0.000151095 140723646144960 1
L 0 27 25 0.000151634 140723646144960 1
L 0 28 26 0.000152073 140723646144960 1
L 0 29 27 0.000152547 140723646144960 1
L 0 30 28 0.000153059 140723646144960 1
L 0 31 29 0.000153476 140723646144960 1
L 0 32 30 0.000153914 140723646144960 1
L 0 33 31 0.000154370 140723646144960 1
L 0 34 32 0.000154793 140723646144960 1
L 0 35 33 0.000155198 140723646144960 1
L 0 36 34 0.000155636 140723646144960 1
L 0 37 35 0.000156054 140723646144960 1
L 0 38 36 0.000156488 140723646144960 1
L 0 39 37 0.000156922 140723646144960 1
L 0 40 38 0.000157371 140723646144960 1
L 0 41 39 0.000157809 140723646144960 1
L 0 42 40 0.000158253 140723646144960 1
L 0 43 41 0.000158670 140723646144960 1
L 0 44 42 0.000159096 140723646144960 1
L 0 45 43 0.000159547 140723646144960 1
L 0 46 44 0.000159969 140723646144960 1
L 0 47 45 0.000160432 140723646144960 1
L 0 48 46 0.000160900 140723646144960 1
L 0 49 47 0.000161384 140723646144960 1
L 0 50 48 0.000161839 140723646144960 1
L 0 51 49 0.000162360 140723646144960 1
L 0 52 50 0.000162854 140723646144960 1
L 0 53 51 0.000163273 140723646144960 1
L 0 54 52 0.000163694 140723646144960 1
L 0 55 53 0.000164119 140723646144960 1
L 0 56 54 0.000164552 140723646144960 1
L 0 57 55 0.000165019 140723646144960 1
L 0 58 56 0.000165532 140723646144960 1
L 0 59 57 0.000165963 140723646144960 1
L 0 60 58 0.000166436 140723646144960 1
L 0 61 59 0.000166882 140723646144960 1
L 0 62 60 0.000167304 140723646144960 1
L 0 63 61 0.000167736 140723646144960 1
L 0 64 62 0.000168148 140723646144960 1
L 0 65 63 0.000168580 140723646144960 1
L 0 66 64 0.000169016 140723646144960 1
F 67 4573.909821896 0.000371441
