I 1 4550.486075557
L 0 2 0 0.010925756 140722725457088 1
E 0 3 0 0.010930000 140722725457088 1
L 0 4 0 0.010938880 140722725457088 1
E 0 5 0 0.010939439 140722725457088 1
L 0 6 0 0.010940361 140722725457088 1
E 0 7 0 0.010940866 140722725457088 1
L 0 8 0 0.010941558 140722725457088 1
E 0 9 0 0.010941937 140722725457088 1
L 0 10 0 0.010942535 140722725457088 1
E 0 11 0 0.010943044 140722725457088 1
L 0 12 0 0.010965389 140722725457088 1
E 0 13 0 0.010967274 140722725457088 1
L 0 14 0 0.010984043 140722725457088 1
E 0 15 0 0.010985635 140722725457088 1
L 0 16 0 0.010987264 140722725457088 1
E 0 17 0 0.010987740 140722725457088 1
L 0 18 0 0.010988542 140722725457088 1
E 0 19 0 0.010989007 140722725457088 1
L 0 20 0 0.010989632 140722725457088 1
E 0 21 0 0.010989988 140722725457088 1
L 0 22 0 0.010990495 140722725457088 1
E 0 23 0 0.010990849 140722725457088 1
L 0 24 0 0.010991498 140722725457088 1
E 0 25 0 0.010991851 140722725457088 1
L 0 26 0 0.010992422 140722725457088 1
E 0 27 0 0.010992811 140722725457088 1
L 0 28 0 0.010993495 140722725457088 1
E 0 29 0 0.010993851 140722725457088 1
L 0 30 0 0.010994483 140722725457088 1
E 0 31 0 0.010994883 140722725457088 1
L 0 32 0 0.010995554 140722725457088 1
E 0 33 0 0.010995908 140722725457088 1
L 0 34 0 0.010996390 140722725457088 1
E 0 35 0 0.010996750 140722725457088 1
L 0 36 0 0.010997367 140722725457088 1
E 0 37 0 0.010997725 140722725457088 1
L 0 38 0 0.010998333 140722725457088 1
E 0 39 0 0.010998693 140722725457088 1
L 0 40 0 0.010999406 140722725457088 1
E 0 41 0 0.010999750 140722725457088 1
L 0 42 0 0.011000276 140722725457088 1
E 0 43 0 0.011000628 140722725457088 1
L 0 44 0 0.011001280 140722725457088 1
E 0 45 0 0.011001626 140722725457088 1
L 0 46 0 0.011002139 140722725457088 1
E 0 47 0 0.011002493 140722725457088 1
L 0 48 0 0.011003116 140722725457088 1
E 0 49 0 0.011003464 140722725457088 1
L 0 50 0 0.011004105 140722725457088 1
E 0 51 0 0.011004460 140722725457088 1
L 0 52 0 0.011005166 140722725457088 1
E 0 53 0 0.011005519 140722725457088 1
L 0 54 0 0.011006063 140722725457088 1
E 0 55 0 0.011006405 140722725457088 1
L 0 56 0 0.011007043 140722725457088 1
E 0 57 0 0.011007399 140722725457088 1
L 0 58 0 0.011007976 140722725457088 1
E 0 59 0 0.011008333 140722725457088 1
L 0 60 0 0.011008998 140722725457088 1
E 0 61 0 0.011009356 140722725457088 1
L 0 62 0 0.011009889 140722725457088 1
E 0 63 0 0.011010245 140722725457088 1
L 0 64 0 0.011010954 140722725457088 1
E 0 65 0 0.011011299 140722725457088 1
L 0 66 0 0.011011810 140722725457088 1
E 0 67 0 0.011012158 140722725457088 1
L 0 68 0 0.011012757 140722725457088 1
E 0 69 0 0.011013099 140722725457088 1
L 0 70 0 0.011013665 140722725457088 1
E 0 71 0 0.011014001 140722725457088 1
L 0 72 0 0.011014604 140722725457088 1
E 0 73 0 0.011014951 140722725457088 1
L 0 74 0 0.011015464 140722725457088 1
E 0 75 0 0.011015822 140722725457088 1
L 0 76 0 0.011016423 140722725457088 1
E 0 77 0 0.011016790 140722725457088 1
L 0 78 0 0.011017352 140722725457088 1
E 0 79 0 0.011017703 140722725457088 1
L 0 80 0 0.011018262 140722725457088 1
E 0 81 0 0.011018623 140722725457088 1
L 0 82 0 0.011019130 140722725457088 1
E 0 83 0 0.011019489 140722725457088 1
L 0 84 0 0.011020080 140722725457088 1
E 0 85 0 0.011020479 140722725457088 1
L 0 86 0 0.011020995 140722725457088 1
E 0 87 0 0.011021354 140722725457088 1
L 0 88 0 0.011022028 140722725457088 1
E 0 89 0 0.011022385 140722725457088 1
L 0 90 0 0.011022918 140722725457088 1
E 0 91 0 0.011023264 140722725457088 1
L 0 92 0 0.011023807 140722725457088 1
E 0 93 0 0.011024172 140722725457088 1
L 0 94 0 0.011024724 140722725457088 1
E 0 95 0 0.011025069 140722725457088 1
L 0 96 0 0.011025666 140722725457088 1
E 0 97 0 0.011026016 140722725457088 1
L 0 98 0 0.011026548 140722725457088 1
E 0 99 0 0.011026890 140722725457088 1
L 0 100 0 0.011027647 140722725457088 1
E 0 101 0 0.011028047 140722725457088 1
L 0 102 0 0.011028758 140722725457088 1
E 0 103 0 0.011029170 140722725457088 1
L 0 104 0 0.011029689 140722725457088 1
E 0 105 0 0.011030062 140722725457088 1
L 0 106 0 0.011030580 140722725457088 1
E 0 107 0 0.011113137 140722725457088 1
L 0 108 0 0.011115482 140722725457088 1
E 0 109 0 0.011116319 140722725457088 1
L 0 110 0 0.011117469 140722725457088 1
E 0 111 0 0.011118154 140722725457088 1
L 0 112 0 0.011119196 140722725457088 1
E 0 113 0 0.011119678 140722725457088 1
L 0 114 0 0.011120569 140722725457088 1
E 0 115 0 0.011120942 140722725457088 1
L 0 116 0 0.011121567 140722725457088 1
E 0 117 0 0.011121920 140722725457088 1
L 0 118 0 0.011122461 140722725457088 1
E 0 119 0 0.011122869 140722725457088 1
L 0 120 0 0.011123532 140722725457088 1
E 0 121 0 0.011123909 140722725457088 1
L 0 122 0 0.011124442 140722725457088 1
E 0 123 0 0.011124839 140722725457088 1
L 0 124 0 0.011125548 140722725457088 1
E 0 125 0 0.011125911 140722725457088 1
L 0 126 0 0.011126481 140722725457088 1
E 0 127 0 0.011126844 140722725457088 1
L 0 128 0 0.011127438 140722725457088 1
E 0 129 0 0.011127788 140722725457088 1
L 0 130 0 0.011128394 140722725457088 1
E 0 131 0 0.011128767 140722725457088 1
L 0 132 0 0.011131345 140722725457088 1
E 0 133 0 0.011131831 140722725457088 1
F 134 4550.518093848 0.032018291
