I 1 160.482359474
L 0 2 0 0.000944730 140720583328032 1
L 0 3 1 0.000952690 140720583328032 1
L 0 4 2 0.000954327 140720583328032 1
L 0 5 3 0.000955315 140720583328032 1
L 0 6 4 0.000956388 140720583328032 1
L 0 7 5 0.000957128 140720583328032 1
L 0 8 6 0.000957872 140720583328032 1
L 0 9 7 0.000958596 140720583328032 1
L 0 10 8 0.000959275 140720583328032 1
L 0 11 9 0.000960061 140720583328032 1
L 0 12 10 0.000960813 140720583328032 1
L 0 13 10 0.000961731 140720583328032 1
L 0 14 11 0.000962523 140720583328032 1
L 0 15 12 0.000963300 140720583328032 1
L 0 16 13 0.000963977 140720583328032 1
L 0 17 14 0.000964747 140720583328032 1
L 0 18 15 0.000965468 140720583328032 1
L 0 19 16 0.000966256 140720583328032 1
L 0 20 17 0.000967060 140720583328032 1
L 0 21 18 0.000967827 140720583328032 1
L 0 22 19 0.000968577 140720583328032 1
L 0 23 20 0.000969259 140720583328032 1
L 0 24 21 0.000970054 140720583328032 1
L 0 25 22 0.000970844 140720583328032 1
L 0 26 23 0.000971672 140720583328032 1
L 0 27 24 0.000972417 140720583328032 1
L 0 28 25 0.000973205 140720583328032 1
L 0 29 26 0.000973988 140720583328032 1
L 0 30 27 0.000974782 140720583328032 1
L 0 31 28 0.000975627 140720583328032 1
L 0 32 29 0.000976464 140720583328032 1
L 0 33 30 0.000977223 140720583328032 1
L 0 34 31 0.000978025 140720583328032 1
L 0 35 32 0.000978900 140720583328032 1
L 0 36 33 0.000979719 140720583328032 1
L 0 37 34 0.000980587 140720583328032 1
L 0 38 35 0.000981534 140720583328032 1
L 0 39 36 0.000982426 140720583328032 1
L 0 40 37 0.000983407 140720583328032 1
L 0 41 38 0.000984276 140720583328032 1
L 0 42 39 0.000985219 140720583328032 1
L 0 43 40 0.000986174 140720583328032 1
L 0 44 41 0.000987096 140720583328032 1
L 0 45 41 0.000988110 140720583328032 1
L 0 46 42 0.000989103 140720583328032 1
L 0 47 43 0.000990040 140720583328032 1
L 0 48 44 0.000990950 140720583328032 1
L 0 49 45 0.000991952 140720583328032 1
L 0 50 45 0.000992950 140720583328032 1
L 0 51 46 0.000993933 140720583328032 1
L 0 52 47 0.000994973 140720583328032 1
L 0 53 48 0.000995966 140720583328032 1
L 0 54 49 0.000996929 140720583328032 1
L 0 55 50 0.000997957 140720583328032 1
L 0 56 50 0.000999011 140720583328032 1
L 0 57 50 0.001000167 140720583328032 1
L 0 58 51 0.001001252 140720583328032 1
L 0 59 52 0.001002322 140720583328032 1
L 0 60 52 0.001003409 140720583328032 1
L 0 61 53 0.001004496 140720583328032 1
L 0 62 53 0.001005575 140720583328032 1
L 0 63 54 0.001006643 140720583328032 1
L 0 64 55 0.001007761 140720583328032 1
L 0 65 55 0.001008891 140720583328032 1
L 0 66 56 0.001009936 140720583328032 1
F 67 160.484181330 0.001821856
